<?xml version="1.0" encoding="UTF-8"?>
<!-- Generated by org.testng.reporters.JUnitXMLReporter -->
<testsuite ignored="0" hostname="DESKTOP-3K4B7E7" failures="0" tests="8" name="Surefire test" time="6.791" errors="0" timestamp="2026-05-21T17:10:08 IST">
  <testcase classname="com.testpilot.tests.DataDrivenTest" name="createUserDDT" time="2.156"/>
  <testcase classname="com.testpilot.tests.DataDrivenTest" name="createUserDDT" time="0.52"/>
  <testcase classname="com.testpilot.tests.DataDrivenTest" name="createUserDDT" time="0.482"/>
  <testcase classname="com.testpilot.tests.UserTests" name="createUser" time="1.043"/>
  <testcase classname="com.testpilot.tests.UserTests" name="deleteUser" time="0.543"/>
  <testcase classname="com.testpilot.tests.UserTests" name="getSingleUser" time="0.272"/>
  <testcase classname="com.testpilot.tests.UserTests" name="getUsers" time="0.294"/>
  <testcase classname="com.testpilot.tests.UserTests" name="updateUser" time="0.946"/>
</testsuite> <!-- Surefire test -->
