<?xml version="1.0" encoding="UTF-8"?>
<!-- Generated by org.testng.reporters.JUnitXMLReporter -->
<testsuite ignored="0" hostname="DESKTOP-3K4B7E7" failures="0" tests="5" name="Surefire test" time="5.575" errors="0" timestamp="2026-05-19T22:03:05 IST">
  <testcase classname="com.testpilot.tests.UserTests" name="createUser" time="2.165"/>
  <testcase classname="com.testpilot.tests.UserTests" name="deleteUser" time="0.999"/>
  <testcase classname="com.testpilot.tests.UserTests" name="getSingleUser" time="0.288"/>
  <testcase classname="com.testpilot.tests.UserTests" name="getUsers" time="0.662"/>
  <testcase classname="com.testpilot.tests.UserTests" name="updateUser" time="1.001"/>
</testsuite> <!-- Surefire test -->
