<?xml version="1.0" encoding="UTF-8"?>
<testsuite xmlns:xsi="http://www.w3.org/2001/XMLSchema-instance" xsi:noNamespaceSchemaLocation="https://maven.apache.org/surefire/maven-surefire-plugin/xsd/surefire-test-report.xsd" name="TestSuite" time="7.292" tests="8" errors="0" skipped="0" failures="0">
  <properties>
[...]
</properties>
  <testcase name="createUserDDT" classname="com.testpilot.tests.DataDrivenTest" time="2.198"/>
  <testcase name="createUserDDT" classname="com.testpilot.tests.DataDrivenTest" time="0.522"/>
  <testcase name="createUserDDT" classname="com.testpilot.tests.DataDrivenTest" time="0.483"/>
  <testcase name="createUser" classname="com.testpilot.tests.UserTests" time="1.044"/>
  <testcase name="deleteUser" classname="com.testpilot.tests.UserTests" time="0.544"/>
  <testcase name="getSingleUser" classname="com.testpilot.tests.UserTests" time="0.273"/>
  <testcase name="getUsers" classname="com.testpilot.tests.UserTests" time="0.295"/>
  <testcase name="updateUser" classname="com.testpilot.tests.UserTests" time="0.946"/>
</testsuite>