<?xml version="1.0" encoding="UTF-8"?>
<testng-results ignored="0" total="5" passed="5" failed="0" skipped="0">
  <reporter-output>
  </reporter-output>
  <suite started-at="2026-05-19T22:02:59 IST" name="Surefire suite" finished-at="2026-05-19T22:03:05 IST" duration-ms="5575">
    <groups>
    </groups>
    <test started-at="2026-05-19T22:02:59 IST" name="Surefire test" finished-at="2026-05-19T22:03:05 IST" duration-ms="5575">
      <class name="com.testpilot.tests.UserTests">
        <test-method is-config="true" signature="setup()[pri:0, instance:com.testpilot.tests.UserTests@55536d9e]" started-at="2026-05-19T22:02:59 IST" name="setup" finished-at="2026-05-19T22:03:00 IST" duration-ms="365" status="PASS">
          <reporter-output>
          </reporter-output>
        </test-method> <!-- setup -->
        <test-method signature="createUser()[pri:0, instance:com.testpilot.tests.UserTests@55536d9e]" started-at="2026-05-19T22:03:00 IST" name="createUser" finished-at="2026-05-19T22:03:02 IST" duration-ms="2165" status="PASS">
          <reporter-output>
          </reporter-output>
        </test-method> <!-- createUser -->
        <test-method signature="deleteUser()[pri:0, instance:com.testpilot.tests.UserTests@55536d9e]" started-at="2026-05-19T22:03:02 IST" name="deleteUser" finished-at="2026-05-19T22:03:03 IST" duration-ms="999" status="PASS">
          <reporter-output>
          </reporter-output>
        </test-method> <!-- deleteUser -->
        <test-method signature="getSingleUser()[pri:0, instance:com.testpilot.tests.UserTests@55536d9e]" started-at="2026-05-19T22:03:03 IST" name="getSingleUser" finished-at="2026-05-19T22:03:03 IST" duration-ms="288" status="PASS">
          <reporter-output>
          </reporter-output>
        </test-method> <!-- getSingleUser -->
        <test-method signature="getUsers()[pri:0, instance:com.testpilot.tests.UserTests@55536d9e]" started-at="2026-05-19T22:03:03 IST" name="getUsers" finished-at="2026-05-19T22:03:04 IST" duration-ms="662" status="PASS">
          <reporter-output>
          </reporter-output>
        </test-method> <!-- getUsers -->
        <test-method signature="updateUser()[pri:0, instance:com.testpilot.tests.UserTests@55536d9e]" started-at="2026-05-19T22:03:04 IST" name="updateUser" finished-at="2026-05-19T22:03:05 IST" duration-ms="1001" status="PASS">
          <reporter-output>
          </reporter-output>
        </test-method> <!-- updateUser -->
      </class> <!-- com.testpilot.tests.UserTests -->
    </test> <!-- Surefire test -->
  </suite> <!-- Surefire suite -->
</testng-results>
