<?xml version="1.0" encoding="UTF-8"?>
<testng-results ignored="0" total="8" passed="8" failed="0" skipped="0">
  <reporter-output>
  </reporter-output>
  <suite started-at="2026-05-21T17:10:01 IST" name="Surefire suite" finished-at="2026-05-21T17:10:08 IST" duration-ms="6791">
    <groups>
    </groups>
    <test started-at="2026-05-21T17:10:01 IST" name="Surefire test" finished-at="2026-05-21T17:10:08 IST" duration-ms="6791">
      <class name="com.testpilot.tests.DataDrivenTest">
        <test-method is-config="true" signature="setup()[pri:0, instance:com.testpilot.tests.DataDrivenTest@120f102b]" started-at="2026-05-21T17:10:01 IST" name="setup" finished-at="2026-05-21T17:10:02 IST" duration-ms="433" status="PASS">
          <reporter-output>
          </reporter-output>
        </test-method> <!-- setup -->
        <test-method signature="createUserDDT(java.lang.String,java.lang.String,java.lang.String,int)[pri:0, instance:com.testpilot.tests.DataDrivenTest@120f102b]" started-at="2026-05-21T17:10:02 IST" name="createUserDDT" data-provider="userData" finished-at="2026-05-21T17:10:04 IST" duration-ms="2156" status="PASS">
          <params>
            <param index="0">
              <value>
                <![CDATA[Test User]]>
              </value>
            </param>
            <param index="1">
              <value>
                <![CDATA[testuser]]>
              </value>
            </param>
            <param index="2">
              <value>
                <![CDATA[test@test.com]]>
              </value>
            </param>
            <param index="3">
              <value>
                <![CDATA[201]]>
              </value>
            </param>
          </params>
          <reporter-output>
          </reporter-output>
        </test-method> <!-- createUserDDT -->
        <test-method signature="createUserDDT(java.lang.String,java.lang.String,java.lang.String,int)[pri:0, instance:com.testpilot.tests.DataDrivenTest@120f102b]" started-at="2026-05-21T17:10:04 IST" name="createUserDDT" data-provider="userData" finished-at="2026-05-21T17:10:04 IST" duration-ms="520" status="PASS">
          <params>
            <param index="0">
              <value>
                <![CDATA[]]>
              </value>
            </param>
            <param index="1">
              <value>
                <![CDATA[testuser]]>
              </value>
            </param>
            <param index="2">
              <value>
                <![CDATA[test@test.com]]>
              </value>
            </param>
            <param index="3">
              <value>
                <![CDATA[201]]>
              </value>
            </param>
          </params>
          <reporter-output>
          </reporter-output>
        </test-method> <!-- createUserDDT -->
        <test-method signature="createUserDDT(java.lang.String,java.lang.String,java.lang.String,int)[pri:0, instance:com.testpilot.tests.DataDrivenTest@120f102b]" started-at="2026-05-21T17:10:04 IST" name="createUserDDT" data-provider="userData" finished-at="2026-05-21T17:10:05 IST" duration-ms="482" status="PASS">
          <params>
            <param index="0">
              <value>
                <![CDATA[Test User]]>
              </value>
            </param>
            <param index="1">
              <value>
                <![CDATA[testuser]]>
              </value>
            </param>
            <param index="2">
              <value>
                <![CDATA[]]>
              </value>
            </param>
            <param index="3">
              <value>
                <![CDATA[201]]>
              </value>
            </param>
          </params>
          <reporter-output>
          </reporter-output>
        </test-method> <!-- createUserDDT -->
      </class> <!-- com.testpilot.tests.DataDrivenTest -->
      <class name="com.testpilot.tests.UserTests">
        <test-method is-config="true" signature="setup()[pri:0, instance:com.testpilot.tests.UserTests@625732]" started-at="2026-05-21T17:10:05 IST" name="setup" finished-at="2026-05-21T17:10:05 IST" duration-ms="1" status="PASS">
          <reporter-output>
          </reporter-output>
        </test-method> <!-- setup -->
        <test-method signature="createUser()[pri:0, instance:com.testpilot.tests.UserTests@625732]" started-at="2026-05-21T17:10:05 IST" name="createUser" finished-at="2026-05-21T17:10:06 IST" duration-ms="1043" status="PASS">
          <reporter-output>
          </reporter-output>
        </test-method> <!-- createUser -->
        <test-method signature="deleteUser()[pri:0, instance:com.testpilot.tests.UserTests@625732]" started-at="2026-05-21T17:10:06 IST" name="deleteUser" finished-at="2026-05-21T17:10:06 IST" duration-ms="543" status="PASS">
          <reporter-output>
          </reporter-output>
        </test-method> <!-- deleteUser -->
        <test-method signature="getSingleUser()[pri:0, instance:com.testpilot.tests.UserTests@625732]" started-at="2026-05-21T17:10:06 IST" name="getSingleUser" finished-at="2026-05-21T17:10:07 IST" duration-ms="272" status="PASS">
          <reporter-output>
          </reporter-output>
        </test-method> <!-- getSingleUser -->
        <test-method signature="getUsers()[pri:0, instance:com.testpilot.tests.UserTests@625732]" started-at="2026-05-21T17:10:07 IST" name="getUsers" finished-at="2026-05-21T17:10:07 IST" duration-ms="294" status="PASS">
          <reporter-output>
          </reporter-output>
        </test-method> <!-- getUsers -->
        <test-method signature="updateUser()[pri:0, instance:com.testpilot.tests.UserTests@625732]" started-at="2026-05-21T17:10:07 IST" name="updateUser" finished-at="2026-05-21T17:10:08 IST" duration-ms="946" status="PASS">
          <reporter-output>
          </reporter-output>
        </test-method> <!-- updateUser -->
      </class> <!-- com.testpilot.tests.UserTests -->
    </test> <!-- Surefire test -->
  </suite> <!-- Surefire suite -->
</testng-results>
