<?xml version="1.0" encoding="UTF-8"?>
<!-- Generated by org.testng.reporters.JUnitReportReporter -->
<testsuite hostname="DESKTOP-3K4B7E7" failures="0" tests="3" name="com.testpilot.tests.DataDrivenTest" time="3.158" errors="0" timestamp="2026-05-21T17:10:08 IST" skipped="0">
  <testcase classname="com.testpilot.tests.DataDrivenTest" name="createUserDDT" time="0.482"/>
  <testcase classname="com.testpilot.tests.DataDrivenTest" name="createUserDDT" time="0.520"/>
  <testcase classname="com.testpilot.tests.DataDrivenTest" name="createUserDDT" time="2.156"/>
</testsuite> <!-- com.testpilot.tests.DataDrivenTest -->
