<?xml version="1.0" encoding="UTF-8"?>
<!-- Generated by org.testng.reporters.JUnitReportReporter -->
<testsuite hostname="DESKTOP-3K4B7E7" failures="0" tests="5" name="com.testpilot.tests.UserTests" time="3.098" errors="0" timestamp="2026-05-21T17:10:08 IST" skipped="0">
  <testcase classname="com.testpilot.tests.UserTests" name="updateUser" time="0.946"/>
  <testcase classname="com.testpilot.tests.UserTests" name="deleteUser" time="0.543"/>
  <testcase classname="com.testpilot.tests.UserTests" name="createUser" time="1.043"/>
  <testcase classname="com.testpilot.tests.UserTests" name="getSingleUser" time="0.272"/>
  <testcase classname="com.testpilot.tests.UserTests" name="getUsers" time="0.294"/>
</testsuite> <!-- com.testpilot.tests.UserTests -->
